<?xml version="1.0" encoding="UTF-8"?>
<testng-results ignored="0" total="1" passed="1" failed="0" skipped="0">
  <reporter-output>
  </reporter-output>
  <suite started-at="2025-02-05T13:31:15 IST" name="Default suite" finished-at="2025-02-05T13:31:39 IST" duration-ms="24020">
    <groups>
    </groups>
    <test started-at="2025-02-05T13:31:15 IST" name="Default test" finished-at="2025-02-05T13:31:39 IST" duration-ms="24020">
      <class name="testcase.TestLog">
        <test-method is-config="true" signature="testConfig()[pri:0, instance:testcase.TestLog@4c12331b]" started-at="2025-02-05T13:31:15 IST" name="testConfig" finished-at="2025-02-05T13:31:19 IST" duration-ms="3966" status="PASS">
          <reporter-output>
          </reporter-output>
        </test-method> <!-- testConfig -->
        <test-method signature="LogTest()[pri:0, instance:testcase.TestLog@4c12331b]" started-at="2025-02-05T13:31:19 IST" name="LogTest" finished-at="2025-02-05T13:31:39 IST" duration-ms="19723" status="PASS">
          <reporter-output>
          </reporter-output>
        </test-method> <!-- LogTest -->
        <test-method is-config="true" signature="tearDown()[pri:0, instance:testcase.TestLog@4c12331b]" started-at="2025-02-05T13:31:39 IST" name="tearDown" finished-at="2025-02-05T13:31:39 IST" duration-ms="288" status="PASS">
          <reporter-output>
          </reporter-output>
        </test-method> <!-- tearDown -->
      </class> <!-- testcase.TestLog -->
    </test> <!-- Default test -->
  </suite> <!-- Default suite -->
</testng-results>
