<?xml version="1.0" encoding="UTF-8"?>
<testng-results ignored="0" total="1" passed="1" failed="0" skipped="0">
  <reporter-output>
  </reporter-output>
  <suite started-at="2025-02-05T13:29:31 IST" name="Default suite" finished-at="2025-02-05T13:30:08 IST" duration-ms="36925">
    <groups>
    </groups>
    <test started-at="2025-02-05T13:29:31 IST" name="Default test" finished-at="2025-02-05T13:30:08 IST" duration-ms="36925">
      <class name="ictinternship.TestLog">
        <test-method is-config="true" signature="testConfig()[pri:0, instance:ictinternship.TestLog@4c12331b]" started-at="2025-02-05T13:29:31 IST" name="testConfig" finished-at="2025-02-05T13:29:35 IST" duration-ms="3586" status="PASS">
          <reporter-output>
          </reporter-output>
        </test-method> <!-- testConfig -->
        <test-method signature="LogTest()[pri:0, instance:ictinternship.TestLog@4c12331b]" started-at="2025-02-05T13:29:35 IST" name="LogTest" finished-at="2025-02-05T13:30:08 IST" duration-ms="32769" status="PASS">
          <reporter-output>
          </reporter-output>
        </test-method> <!-- LogTest -->
        <test-method is-config="true" signature="tearDown()[pri:0, instance:ictinternship.TestLog@4c12331b]" started-at="2025-02-05T13:30:08 IST" name="tearDown" finished-at="2025-02-05T13:30:08 IST" duration-ms="527" status="PASS">
          <reporter-output>
          </reporter-output>
        </test-method> <!-- tearDown -->
      </class> <!-- ictinternship.TestLog -->
    </test> <!-- Default test -->
  </suite> <!-- Default suite -->
</testng-results>
