<?xml version="1.0" encoding="UTF-8"?>
<testng-results ignored="0" total="1" passed="1" failed="0" skipped="0">
  <reporter-output>
  </reporter-output>
  <suite started-at="2025-02-05T13:49:02 IST" name="Default suite" finished-at="2025-02-05T13:49:27 IST" duration-ms="24831">
    <groups>
    </groups>
    <test started-at="2025-02-05T13:49:02 IST" name="Default test" finished-at="2025-02-05T13:49:27 IST" duration-ms="24831">
      <class name="internshiptestcase.TestLog">
        <test-method is-config="true" signature="testConfig()[pri:0, instance:internshiptestcase.TestLog@4c12331b]" started-at="2025-02-05T13:49:02 IST" name="testConfig" finished-at="2025-02-05T13:49:07 IST" duration-ms="4600" status="PASS">
          <reporter-output>
          </reporter-output>
        </test-method> <!-- testConfig -->
        <test-method signature="LogTest()[pri:0, instance:internshiptestcase.TestLog@4c12331b]" started-at="2025-02-05T13:49:07 IST" name="LogTest" finished-at="2025-02-05T13:49:27 IST" duration-ms="19873" status="PASS">
          <reporter-output>
          </reporter-output>
        </test-method> <!-- LogTest -->
        <test-method is-config="true" signature="tearDown()[pri:0, instance:internshiptestcase.TestLog@4c12331b]" started-at="2025-02-05T13:49:27 IST" name="tearDown" finished-at="2025-02-05T13:49:27 IST" duration-ms="309" status="PASS">
          <reporter-output>
          </reporter-output>
        </test-method> <!-- tearDown -->
      </class> <!-- internshiptestcase.TestLog -->
    </test> <!-- Default test -->
  </suite> <!-- Default suite -->
</testng-results>
