<?xml version="1.0" encoding="UTF-8"?>
<testng-results ignored="0" total="1" passed="1" failed="0" skipped="0">
  <reporter-output>
  </reporter-output>
  <suite started-at="2024-11-30T13:27:22 IST" name="Default suite" finished-at="2024-11-30T13:28:17 IST" duration-ms="55481">
    <groups>
    </groups>
    <test started-at="2024-11-30T13:27:22 IST" name="Default test" finished-at="2024-11-30T13:28:17 IST" duration-ms="55481">
      <class name="testcases.Amazonlog">
        <test-method is-config="true" signature="testConfig()[pri:0, instance:testcases.Amazonlog@4c12331b]" started-at="2024-11-30T13:27:22 IST" name="testConfig" finished-at="2024-11-30T13:27:31 IST" duration-ms="9051" status="PASS">
          <reporter-output>
          </reporter-output>
        </test-method> <!-- testConfig -->
        <test-method signature="test()[pri:0, instance:testcases.Amazonlog@4c12331b]" started-at="2024-11-30T13:27:31 IST" name="test" finished-at="2024-11-30T13:28:16 IST" duration-ms="45364" status="PASS">
          <reporter-output>
          </reporter-output>
        </test-method> <!-- test -->
        <test-method is-config="true" signature="tearDown()[pri:0, instance:testcases.Amazonlog@4c12331b]" started-at="2024-11-30T13:28:16 IST" name="tearDown" finished-at="2024-11-30T13:28:17 IST" duration-ms="962" status="PASS">
          <reporter-output>
          </reporter-output>
        </test-method> <!-- tearDown -->
      </class> <!-- testcases.Amazonlog -->
    </test> <!-- Default test -->
  </suite> <!-- Default suite -->
</testng-results>
